#
# A fatal error has been detected by the Java Runtime Environment:
#
#  SIGSEGV (0xb) at pc=0x00007f9dec90c0ad, pid=6437, tid=6453
#
# JRE version: OpenJDK Runtime Environment (11.0.11+9) (build 11.0.11+9-Ubuntu-0ubuntu2.20.04)
# Java VM: OpenJDK 64-Bit Server VM (11.0.11+9-Ubuntu-0ubuntu2.20.04, mixed mode, sharing, tiered, compressed oops, g1 gc, linux-amd64)
# Problematic frame:
# C  [libjimage.so+0x30ad]
#
# Core dump will be written. Default location: Core dumps may be processed with "/usr/share/apport/apport %p %s %c %d %P %E" (or dumping to /home/rodrigo/Documentos/GitHub/OSR/OpenSafeRoute/core.6437)
#
# If you would like to submit a bug report, please visit:
#   https://bugs.launchpad.net/ubuntu/+source/openjdk-lts
#

---------------  S U M M A R Y ------------

Command Line: -agentlib:jdwp=transport=dt_socket,suspend=y,address=localhost:40477 -javaagent:/home/rodrigo/.eclipse/360744286_linux_gtk_x86_64/configuration/org.eclipse.osgi/222/0/.cp/lib/javaagent-shaded.jar -Dfile.encoding=UTF-8 controlador.Principal

Host: Intel(R) Core(TM)2 Duo CPU     E7500  @ 2.93GHz, 2 cores, 3G, Ubuntu 20.04.3 LTS
Time: Tue Aug 24 08:28:25 2021 -03 elapsed time: 10.769026 seconds (0d 0h 0m 10s)

---------------  T H R E A D  ---------------

Current thread (0x00007f9de8128000):  JavaThread "Signal Dispatcher" daemon [_thread_in_vm, id=6453, stack(0x00007f9dba61d000,0x00007f9dba71e000)]

Stack: [0x00007f9dba61d000,0x00007f9dba71e000],  sp=0x00007f9dba71b1f0,  free space=1016k
Native frames: (J=compiled Java code, A=aot compiled Java code, j=interpreted, Vv=VM code, C=native code)
C  [libjimage.so+0x30ad]
C  [libjimage.so+0x3da2]
C  [libjimage.so+0x4291]  JIMAGE_FindResource+0xf1
V  [libjvm.so+0x5b0731]
V  [libjvm.so+0x5b2ee1]
V  [libjvm.so+0xdea23d]
V  [libjvm.so+0xde8dca]
V  [libjvm.so+0xdeb38b]
V  [libjvm.so+0x6624ce]
V  [libjvm.so+0x850e76]
j  jdk.internal.misc.Signal.dispatch(I)V+25 java.base@11.0.11
v  ~StubRoutines::call_stub
V  [libjvm.so+0x859b69]
V  [libjvm.so+0x858b82]
V  [libjvm.so+0xbc8b4e]
V  [libjvm.so+0xe2105f]
V  [libjvm.so+0xe1d690]
V  [libjvm.so+0xbdac76]

Java frames: (J=compiled Java code, j=interpreted, Vv=VM code)
j  jdk.internal.misc.Signal.dispatch(I)V+25 java.base@11.0.11
v  ~StubRoutines::call_stub

siginfo: si_signo: 11 (SIGSEGV), si_code: 1 (SEGV_MAPERR), si_addr: 0x00007f9ddf87e8e0

Register to memory mapping:

RAX=0x0000000000001a31 is an unknown value
RBX=0x00007f9dba71b2a1 is pointing into the stack for thread: 0x00007f9de8128000
RCX=0x00007f9dba71b2c3 is pointing into the stack for thread: 0x00007f9de8128000
RDX=0x0000000000001a31 is an unknown value
RSP=0x00007f9dba71b1f0 is pointing into the stack for thread: 0x00007f9de8128000
RBP=0x00007f9dba71b210 is pointing into the stack for thread: 0x00007f9de8128000
RSI=0x0 is NULL
RDI=0x00007f9dec911030: <offset 0x0000000000008030> in /usr/lib/jvm/java-11-openjdk-amd64/lib/libjimage.so at 0x00007f9dec909000
R8 =0x00007f9ddf87801c is an unknown value
R9 =0x65746e692f6b646a is an unknown value
R10=0x73696d2f6c616e72 is an unknown value
R11=0x6c616e6769532f63 is an unknown value
R12=0x000000000000843b is an unknown value
R13=0x00007f9dba71b2a0 is pointing into the stack for thread: 0x00007f9de8128000
R14=0x0 is NULL
R15=0x00007f9de8128ae0 points into unknown readable memory: 0x65746e692f6b646a | 6a 64 6b 2f 69 6e 74 65


Registers:
RAX=0x0000000000001a31, RBX=0x00007f9dba71b2a1, RCX=0x00007f9dba71b2c3, RDX=0x0000000000001a31
RSP=0x00007f9dba71b1f0, RBP=0x00007f9dba71b210, RSI=0x0000000000000000, RDI=0x00007f9dec911030
R8 =0x00007f9ddf87801c, R9 =0x65746e692f6b646a, R10=0x73696d2f6c616e72, R11=0x6c616e6769532f63
R12=0x000000000000843b, R13=0x00007f9dba71b2a0, R14=0x0000000000000000, R15=0x00007f9de8128ae0
RIP=0x00007f9dec90c0ad, EFLAGS=0x0000000000010246, CSGSFS=0x002b000000000033, ERR=0x0000000000000004
  TRAPNO=0x000000000000000e

Top of Stack: (sp=0x00007f9dba71b1f0)
0x00007f9dba71b1f0:   0000000000000000 00007f9dba71c338
0x00007f9dba71b200:   00007f9de8009c10 00007f9dba71b2a0
0x00007f9dba71b210:   00007f9dba71b280 00007f9dec90cda2
0x00007f9dba71b220:   0000000000000000 0000000000000000 

Instructions: (pc=0x00007f9dec90c0ad)
0x00007f9dec90bfad:   f3 ff ff 44 03 65 90 e9 3f fe ff ff 0f 1f 80 00
0x00007f9dec90bfbd:   00 00 00 41 8b 10 41 89 55 00 41 8b 54 00 fc 41
0x00007f9dec90bfcd:   89 54 05 fc e9 82 fc ff ff 66 2e 0f 1f 84 00 00
0x00007f9dec90bfdd:   00 00 00 b9 0a 00 00 00 e9 f0 fc ff ff 41 0f b7
0x00007f9dec90bfed:   54 00 fe 66 41 89 54 05 fe e9 5d fc ff ff 0f 1f
0x00007f9dec90bffd:   44 00 00 f3 0f 1e fa 0f b6 17 89 f0 89 f1 4c 8d
0x00007f9dec90c00d:   47 01 84 d2 74 1c 0f 1f 44 00 00 69 c9 93 01 00
0x00007f9dec90c01d:   01 49 83 c0 01 31 d1 41 0f b6 50 ff 84 d2 75 eb
0x00007f9dec90c02d:   89 c8 25 ff ff ff 7f c3 90 66 2e 0f 1f 84 00 00
0x00007f9dec90c03d:   00 00 00 f3 0f 1e fa 48 85 d2 0f 84 da 00 00 00
0x00007f9dec90c04d:   55 48 89 e5 41 55 41 54 41 89 cc 53 48 83 ec 08
0x00007f9dec90c05d:   85 c9 0f 84 ba 00 00 00 49 89 f5 48 8d 5e 01 0f
0x00007f9dec90c06d:   b6 36 49 89 d0 40 84 f6 0f 84 9d 00 00 00 48 89
0x00007f9dec90c07d:   d9 b8 93 01 00 01 0f 1f 44 00 00 69 d0 93 01 00
0x00007f9dec90c08d:   01 48 83 c1 01 40 0f b6 c6 0f b6 71 ff 31 d0 40
0x00007f9dec90c09d:   84 f6 75 e7 25 ff ff ff 7f 31 d2 41 f7 f4 89 d0
0x00007f9dec90c0ad:   41 8b 34 80 48 8b 07 ff 50 20 85 c0 7f 15 74 62
0x00007f9dec90c0bd:   f7 d0 41 89 c0 48 83 c4 08 44 89 c0 5b 41 5c 41
0x00007f9dec90c0cd:   5d 5d c3 41 0f b6 4d 00 89 c6 84 c9 74 1b 0f 1f
0x00007f9dec90c0dd:   44 00 00 69 f6 93 01 00 01 48 83 c3 01 31 ce 0f
0x00007f9dec90c0ed:   b6 4b ff 84 c9 75 ec 89 f0 25 ff ff ff 7f 31 d2
0x00007f9dec90c0fd:   48 83 c4 08 41 f7 f4 5b 41 5c 41 5d 5d 41 89 d0
0x00007f9dec90c10d:   44 89 c0 c3 0f 1f 80 00 00 00 00 b8 93 01 00 01
0x00007f9dec90c11d:   eb 87 41 b8 ff ff ff ff eb 9b 41 83 c8 ff 44 89
0x00007f9dec90c12d:   c0 c3 90 f3 0f 1e fa eb 1d 66 2e 0f 1f 84 00 00
0x00007f9dec90c13d:   00 00 00 0f b6 16 84 d2 74 13 38 c2 75 15 48 83
0x00007f9dec90c14d:   c7 01 48 83 c6 01 0f b6 07 84 c0 75 e6 48 89 f8
0x00007f9dec90c15d:   c3 66 90 31 c0 c3 90 66 66 2e 0f 1f 84 00 00 00
0x00007f9dec90c16d:   00 00 90 f3 0f 1e fa 48 85 f6 74 51 0f b6 06 84
0x00007f9dec90c17d:   c0 74 4a 0f b6 d0 83 e0 07 c1 fa 03 44 8d 50 01
0x00007f9dec90c18d:   0f b6 c0 41 89 d1 4c 8d 44 06 02 48 8d 56 01 31
0x00007f9dec90c19d:   c0 66 90 0f b6 0a 48 c1 e0 08 48 83 c2 01 48 09 


Stack slot to memory mapping:
stack at sp + 0 slots: 0x0 is NULL
stack at sp + 1 slots: 0x00007f9dba71c338 is pointing into the stack for thread: 0x00007f9de8128000
stack at sp + 2 slots: 0x00007f9de8009c10 points into unknown readable memory: 0x000055e4ca7a9850 | 50 98 7a ca e4 55 00 00
stack at sp + 3 slots: 0x00007f9dba71b2a0 is pointing into the stack for thread: 0x00007f9de8128000
stack at sp + 4 slots: 0x00007f9dba71b280 is pointing into the stack for thread: 0x00007f9de8128000
stack at sp + 5 slots: 0x00007f9dec90cda2: <offset 0x0000000000003da2> in /usr/lib/jvm/java-11-openjdk-amd64/lib/libjimage.so at 0x00007f9dec909000
stack at sp + 6 slots: 0x0 is NULL
stack at sp + 7 slots: 0x0 is NULL


---------------  P R O C E S S  ---------------

Threads class SMR info:
_java_thread_list=0x00007f9d90002020, length=12, elements={
0x00007f9de8019000, 0x00007f9de8120800, 0x00007f9de8122800, 0x00007f9de8128000,
0x00007f9de812a000, 0x00007f9de812c000, 0x00007f9de812e800, 0x00007f9de8130800,
0x00007f9de813e800, 0x00007f9de8189000, 0x00007f9de818d800, 0x00007f9de8a52000
}

Java Threads: ( => current thread )
  0x00007f9de8019000 JavaThread "main" [_thread_in_native, id=6439, stack(0x00007f9dec94b000,0x00007f9deca4c000)]
  0x00007f9de8120800 JavaThread "Reference Handler" daemon [_thread_blocked, id=6451, stack(0x00007f9dbb5fd000,0x00007f9dbb6fe000)]
  0x00007f9de8122800 JavaThread "Finalizer" daemon [_thread_blocked, id=6452, stack(0x00007f9dbb4fc000,0x00007f9dbb5fd000)]
=>0x00007f9de8128000 JavaThread "Signal Dispatcher" daemon [_thread_in_vm, id=6453, stack(0x00007f9dba61d000,0x00007f9dba71e000)]
  0x00007f9de812a000 JavaThread "Service Thread" daemon [_thread_blocked, id=6454, stack(0x00007f9dba51c000,0x00007f9dba61d000)]
  0x00007f9de812c000 JavaThread "C2 CompilerThread0" daemon [_thread_blocked, id=6455, stack(0x00007f9dba41b000,0x00007f9dba51c000)]
  0x00007f9de812e800 JavaThread "C1 CompilerThread0" daemon [_thread_blocked, id=6456, stack(0x00007f9dba31a000,0x00007f9dba41b000)]
  0x00007f9de8130800 JavaThread "Sweeper thread" daemon [_thread_blocked, id=6457, stack(0x00007f9dba219000,0x00007f9dba31a000)]
  0x00007f9de813e800 JavaThread "Common-Cleaner" daemon [_thread_blocked, id=6458, stack(0x00007f9dba118000,0x00007f9dba219000)]
  0x00007f9de8189000 JavaThread "JDWP Transport Listener: dt_socket" daemon [_thread_in_native, id=6460, stack(0x00007f9dba017000,0x00007f9dba118000)]
  0x00007f9de818d800 JavaThread "JDWP Event Helper Thread" daemon [_thread_blocked, id=6462, stack(0x00007f9db9f16000,0x00007f9dba017000)]
  0x00007f9de8a52000 JavaThread "Keep-Alive-Timer" daemon [_thread_blocked, id=6480, stack(0x00007f9db9907000,0x00007f9db9a08000)]

Other Threads:
  0x00007f9de811d800 VMThread "VM Thread" [stack: 0x00007f9dbb700000,0x00007f9dbb800000] [id=6450]
  0x00007f9de8426800 WatcherThread [stack: 0x00007f9db9d15000,0x00007f9db9e15000] [id=6466]
  0x00007f9de8030800 GCTaskThread "GC Thread#0" [stack: 0x00007f9dec5b1000,0x00007f9dec6b1000] [id=6444]
  0x00007f9db0001000 GCTaskThread "GC Thread#1" [stack: 0x00007f9db9c13000,0x00007f9db9d13000] [id=6467]
  0x00007f9de804b800 ConcurrentGCThread "G1 Main Marker" [stack: 0x00007f9dec0a1000,0x00007f9dec1a1000] [id=6446]
  0x00007f9de804d800 ConcurrentGCThread "G1 Conc#0" [stack: 0x00007f9dd03a2000,0x00007f9dd04a2000] [id=6447]
  0x00007f9de8089000 ConcurrentGCThread "G1 Refine#0" [stack: 0x00007f9dd009e000,0x00007f9dd019e000] [id=6448]
  0x00007f9de808a800 ConcurrentGCThread "G1 Young RemSet Sampling" [stack: 0x00007f9dc8050000,0x00007f9dc8150000] [id=6449]

Threads with active compile tasks:

VM state:not at safepoint (normal execution)

VM Mutex/Monitor currently owned by a thread: None

Heap address: 0x00000000c2a00000, size: 982 MB, Compressed Oops mode: 32-bit
Narrow klass base: 0x0000000800000000, Narrow klass shift: 3
Compressed class space size: 1073741824 Address: 0x0000000840000000

Heap:
 garbage-first heap   total 97280K, used 25395K [0x00000000c2a00000, 0x0000000100000000)
  region size 1024K, 18 young (18432K), 1 survivors (1024K)
 Metaspace       used 17464K, capacity 17735K, committed 17920K, reserved 1064960K
  class space    used 1958K, capacity 2039K, committed 2048K, reserved 1048576K
Heap Regions: E=young(eden), S=young(survivor), O=old, HS=humongous(starts), HC=humongous(continues), CS=collection set, F=free, A=archive, TAMS=top-at-mark-start (previous, next)
|   0|0x00000000c2a00000, 0x00000000c2b00000, 0x00000000c2b00000|100%|HS|  |TAMS 0x00000000c2a00000, 0x00000000c2a00000| Complete 
|   1|0x00000000c2b00000, 0x00000000c2c00000, 0x00000000c2c00000|100%| O|  |TAMS 0x00000000c2b00000, 0x00000000c2b00000| Untracked 
|   2|0x00000000c2c00000, 0x00000000c2d00000, 0x00000000c2d00000|100%| O|  |TAMS 0x00000000c2c00000, 0x00000000c2c00000| Untracked 
|   3|0x00000000c2d00000, 0x00000000c2e00000, 0x00000000c2e00000|100%| O|  |TAMS 0x00000000c2d00000, 0x00000000c2d00000| Untracked 
|   4|0x00000000c2e00000, 0x00000000c2f00000, 0x00000000c2f00000|100%| O|  |TAMS 0x00000000c2e00000, 0x00000000c2e00000| Untracked 
|   5|0x00000000c2f00000, 0x00000000c3000000, 0x00000000c3000000|100%| O|  |TAMS 0x00000000c2f00000, 0x00000000c2f00000| Untracked 
|   6|0x00000000c3000000, 0x00000000c3100000, 0x00000000c3100000|100%| O|  |TAMS 0x00000000c3000000, 0x00000000c3000000| Untracked 
|   7|0x00000000c3100000, 0x00000000c3149400, 0x00000000c3200000| 28%| O|  |TAMS 0x00000000c3100000, 0x00000000c3100000| Untracked 
|   8|0x00000000c3200000, 0x00000000c3200000, 0x00000000c3300000|  0%| F|  |TAMS 0x00000000c3200000, 0x00000000c3200000| Untracked 
|   9|0x00000000c3300000, 0x00000000c3300000, 0x00000000c3400000|  0%| F|  |TAMS 0x00000000c3300000, 0x00000000c3300000| Untracked 
|  10|0x00000000c3400000, 0x00000000c3400000, 0x00000000c3500000|  0%| F|  |TAMS 0x00000000c3400000, 0x00000000c3400000| Untracked 
|  11|0x00000000c3500000, 0x00000000c3500000, 0x00000000c3600000|  0%| F|  |TAMS 0x00000000c3500000, 0x00000000c3500000| Untracked 
|  12|0x00000000c3600000, 0x00000000c3600000, 0x00000000c3700000|  0%| F|  |TAMS 0x00000000c3600000, 0x00000000c3600000| Untracked 
|  13|0x00000000c3700000, 0x00000000c3700000, 0x00000000c3800000|  0%| F|  |TAMS 0x00000000c3700000, 0x00000000c3700000| Untracked 
|  14|0x00000000c3800000, 0x00000000c3800000, 0x00000000c3900000|  0%| F|  |TAMS 0x00000000c3800000, 0x00000000c3800000| Untracked 
|  15|0x00000000c3900000, 0x00000000c3900000, 0x00000000c3a00000|  0%| F|  |TAMS 0x00000000c3900000, 0x00000000c3900000| Untracked 
|  16|0x00000000c3a00000, 0x00000000c3a00000, 0x00000000c3b00000|  0%| F|  |TAMS 0x00000000c3a00000, 0x00000000c3a00000| Untracked 
|  17|0x00000000c3b00000, 0x00000000c3b00000, 0x00000000c3c00000|  0%| F|  |TAMS 0x00000000c3b00000, 0x00000000c3b00000| Untracked 
|  18|0x00000000c3c00000, 0x00000000c3c00000, 0x00000000c3d00000|  0%| F|  |TAMS 0x00000000c3c00000, 0x00000000c3c00000| Untracked 
|  19|0x00000000c3d00000, 0x00000000c3d00000, 0x00000000c3e00000|  0%| F|  |TAMS 0x00000000c3d00000, 0x00000000c3d00000| Untracked 
|  20|0x00000000c3e00000, 0x00000000c3e00000, 0x00000000c3f00000|  0%| F|  |TAMS 0x00000000c3e00000, 0x00000000c3e00000| Untracked 
|  21|0x00000000c3f00000, 0x00000000c3f00000, 0x00000000c4000000|  0%| F|  |TAMS 0x00000000c3f00000, 0x00000000c3f00000| Untracked 
|  22|0x00000000c4000000, 0x00000000c4000000, 0x00000000c4100000|  0%| F|  |TAMS 0x00000000c4000000, 0x00000000c4000000| Untracked 
|  23|0x00000000c4100000, 0x00000000c4100000, 0x00000000c4200000|  0%| F|  |TAMS 0x00000000c4100000, 0x00000000c4100000| Untracked 
|  24|0x00000000c4200000, 0x00000000c4200000, 0x00000000c4300000|  0%| F|  |TAMS 0x00000000c4200000, 0x00000000c4200000| Untracked 
|  25|0x00000000c4300000, 0x00000000c4300000, 0x00000000c4400000|  0%| F|  |TAMS 0x00000000c4300000, 0x00000000c4300000| Untracked 
|  26|0x00000000c4400000, 0x00000000c4400000, 0x00000000c4500000|  0%| F|  |TAMS 0x00000000c4400000, 0x00000000c4400000| Untracked 
|  27|0x00000000c4500000, 0x00000000c4500000, 0x00000000c4600000|  0%| F|  |TAMS 0x00000000c4500000, 0x00000000c4500000| Untracked 
|  28|0x00000000c4600000, 0x00000000c46d1bf8, 0x00000000c4700000| 81%| S|CS|TAMS 0x00000000c4600000, 0x00000000c4600000| Complete 
|  29|0x00000000c4700000, 0x00000000c4700000, 0x00000000c4800000|  0%| F|  |TAMS 0x00000000c4700000, 0x00000000c4700000| Untracked 
|  30|0x00000000c4800000, 0x00000000c4800000, 0x00000000c4900000|  0%| F|  |TAMS 0x00000000c4800000, 0x00000000c4800000| Untracked 
|  31|0x00000000c4900000, 0x00000000c4900000, 0x00000000c4a00000|  0%| F|  |TAMS 0x00000000c4900000, 0x00000000c4900000| Untracked 
|  32|0x00000000c4a00000, 0x00000000c4a00000, 0x00000000c4b00000|  0%| F|  |TAMS 0x00000000c4a00000, 0x00000000c4a00000| Untracked 
|  33|0x00000000c4b00000, 0x00000000c4b00000, 0x00000000c4c00000|  0%| F|  |TAMS 0x00000000c4b00000, 0x00000000c4b00000| Untracked 
|  34|0x00000000c4c00000, 0x00000000c4c00000, 0x00000000c4d00000|  0%| F|  |TAMS 0x00000000c4c00000, 0x00000000c4c00000| Untracked 
|  35|0x00000000c4d00000, 0x00000000c4d00000, 0x00000000c4e00000|  0%| F|  |TAMS 0x00000000c4d00000, 0x00000000c4d00000| Untracked 
|  36|0x00000000c4e00000, 0x00000000c4e00000, 0x00000000c4f00000|  0%| F|  |TAMS 0x00000000c4e00000, 0x00000000c4e00000| Untracked 
|  37|0x00000000c4f00000, 0x00000000c4f00000, 0x00000000c5000000|  0%| F|  |TAMS 0x00000000c4f00000, 0x00000000c4f00000| Untracked 
|  38|0x00000000c5000000, 0x00000000c5000000, 0x00000000c5100000|  0%| F|  |TAMS 0x00000000c5000000, 0x00000000c5000000| Untracked 
|  39|0x00000000c5100000, 0x00000000c5100000, 0x00000000c5200000|  0%| F|  |TAMS 0x00000000c5100000, 0x00000000c5100000| Untracked 
|  40|0x00000000c5200000, 0x00000000c5200000, 0x00000000c5300000|  0%| F|  |TAMS 0x00000000c5200000, 0x00000000c5200000| Untracked 
|  41|0x00000000c5300000, 0x00000000c5300000, 0x00000000c5400000|  0%| F|  |TAMS 0x00000000c5300000, 0x00000000c5300000| Untracked 
|  42|0x00000000c5400000, 0x00000000c5400000, 0x00000000c5500000|  0%| F|  |TAMS 0x00000000c5400000, 0x00000000c5400000| Untracked 
|  43|0x00000000c5500000, 0x00000000c5500000, 0x00000000c5600000|  0%| F|  |TAMS 0x00000000c5500000, 0x00000000c5500000| Untracked 
|  44|0x00000000c5600000, 0x00000000c5600000, 0x00000000c5700000|  0%| F|  |TAMS 0x00000000c5600000, 0x00000000c5600000| Untracked 
|  45|0x00000000c5700000, 0x00000000c5700000, 0x00000000c5800000|  0%| F|  |TAMS 0x00000000c5700000, 0x00000000c5700000| Untracked 
|  46|0x00000000c5800000, 0x00000000c5800000, 0x00000000c5900000|  0%| F|  |TAMS 0x00000000c5800000, 0x00000000c5800000| Untracked 
|  47|0x00000000c5900000, 0x00000000c5900000, 0x00000000c5a00000|  0%| F|  |TAMS 0x00000000c5900000, 0x00000000c5900000| Untracked 
|  48|0x00000000c5a00000, 0x00000000c5a00000, 0x00000000c5b00000|  0%| F|  |TAMS 0x00000000c5a00000, 0x00000000c5a00000| Untracked 
|  49|0x00000000c5b00000, 0x00000000c5b00000, 0x00000000c5c00000|  0%| F|  |TAMS 0x00000000c5b00000, 0x00000000c5b00000| Untracked 
|  50|0x00000000c5c00000, 0x00000000c5c00000, 0x00000000c5d00000|  0%| F|  |TAMS 0x00000000c5c00000, 0x00000000c5c00000| Untracked 
|  51|0x00000000c5d00000, 0x00000000c5d00000, 0x00000000c5e00000|  0%| F|  |TAMS 0x00000000c5d00000, 0x00000000c5d00000| Untracked 
|  52|0x00000000c5e00000, 0x00000000c5e00000, 0x00000000c5f00000|  0%| F|  |TAMS 0x00000000c5e00000, 0x00000000c5e00000| Untracked 
|  53|0x00000000c5f00000, 0x00000000c5f00000, 0x00000000c6000000|  0%| F|  |TAMS 0x00000000c5f00000, 0x00000000c5f00000| Untracked 
|  54|0x00000000c6000000, 0x00000000c6000000, 0x00000000c6100000|  0%| F|  |TAMS 0x00000000c6000000, 0x00000000c6000000| Untracked 
|  55|0x00000000c6100000, 0x00000000c6100000, 0x00000000c6200000|  0%| F|  |TAMS 0x00000000c6100000, 0x00000000c6100000| Untracked 
|  56|0x00000000c6200000, 0x00000000c6200000, 0x00000000c6300000|  0%| F|  |TAMS 0x00000000c6200000, 0x00000000c6200000| Untracked 
|  57|0x00000000c6300000, 0x00000000c6300000, 0x00000000c6400000|  0%| F|  |TAMS 0x00000000c6300000, 0x00000000c6300000| Untracked 
|  58|0x00000000c6400000, 0x00000000c6400000, 0x00000000c6500000|  0%| F|  |TAMS 0x00000000c6400000, 0x00000000c6400000| Untracked 
|  59|0x00000000c6500000, 0x00000000c6500000, 0x00000000c6600000|  0%| F|  |TAMS 0x00000000c6500000, 0x00000000c6500000| Untracked 
|  60|0x00000000c6600000, 0x00000000c6600000, 0x00000000c6700000|  0%| F|  |TAMS 0x00000000c6600000, 0x00000000c6600000| Untracked 
|  61|0x00000000c6700000, 0x00000000c6700000, 0x00000000c6800000|  0%| F|  |TAMS 0x00000000c6700000, 0x00000000c6700000| Untracked 
|  62|0x00000000c6800000, 0x00000000c6800000, 0x00000000c6900000|  0%| F|  |TAMS 0x00000000c6800000, 0x00000000c6800000| Untracked 
|  63|0x00000000c6900000, 0x00000000c6900000, 0x00000000c6a00000|  0%| F|  |TAMS 0x00000000c6900000, 0x00000000c6900000| Untracked 
|  64|0x00000000c6a00000, 0x00000000c6a00000, 0x00000000c6b00000|  0%| F|  |TAMS 0x00000000c6a00000, 0x00000000c6a00000| Untracked 
|  65|0x00000000c6b00000, 0x00000000c6b00000, 0x00000000c6c00000|  0%| F|  |TAMS 0x00000000c6b00000, 0x00000000c6b00000| Untracked 
|  66|0x00000000c6c00000, 0x00000000c6c00000, 0x00000000c6d00000|  0%| F|  |TAMS 0x00000000c6c00000, 0x00000000c6c00000| Untracked 
|  67|0x00000000c6d00000, 0x00000000c6d00000, 0x00000000c6e00000|  0%| F|  |TAMS 0x00000000c6d00000, 0x00000000c6d00000| Untracked 
|  68|0x00000000c6e00000, 0x00000000c6e00000, 0x00000000c6f00000|  0%| F|  |TAMS 0x00000000c6e00000, 0x00000000c6e00000| Untracked 
|  69|0x00000000c6f00000, 0x00000000c6f00000, 0x00000000c7000000|  0%| F|  |TAMS 0x00000000c6f00000, 0x00000000c6f00000| Untracked 
|  70|0x00000000c7000000, 0x00000000c7000000, 0x00000000c7100000|  0%| F|  |TAMS 0x00000000c7000000, 0x00000000c7000000| Untracked 
|  71|0x00000000c7100000, 0x00000000c7100000, 0x00000000c7200000|  0%| F|  |TAMS 0x00000000c7100000, 0x00000000c7100000| Untracked 
|  72|0x00000000c7200000, 0x00000000c7200000, 0x00000000c7300000|  0%| F|  |TAMS 0x00000000c7200000, 0x00000000c7200000| Untracked 
|  73|0x00000000c7300000, 0x00000000c7300000, 0x00000000c7400000|  0%| F|  |TAMS 0x00000000c7300000, 0x00000000c7300000| Untracked 
|  74|0x00000000c7400000, 0x00000000c7400000, 0x00000000c7500000|  0%| F|  |TAMS 0x00000000c7400000, 0x00000000c7400000| Untracked 
|  75|0x00000000c7500000, 0x00000000c7500000, 0x00000000c7600000|  0%| F|  |TAMS 0x00000000c7500000, 0x00000000c7500000| Untracked 
|  76|0x00000000c7600000, 0x00000000c7700000, 0x00000000c7700000|100%| E|  |TAMS 0x00000000c7600000, 0x00000000c7600000| Complete 
|  77|0x00000000c7700000, 0x00000000c7800000, 0x00000000c7800000|100%| E|CS|TAMS 0x00000000c7700000, 0x00000000c7700000| Complete 
|  78|0x00000000c7800000, 0x00000000c7900000, 0x00000000c7900000|100%| E|CS|TAMS 0x00000000c7800000, 0x00000000c7800000| Complete 
|  79|0x00000000c7900000, 0x00000000c7a00000, 0x00000000c7a00000|100%| E|CS|TAMS 0x00000000c7900000, 0x00000000c7900000| Complete 
|  80|0x00000000c7a00000, 0x00000000c7b00000, 0x00000000c7b00000|100%| E|CS|TAMS 0x00000000c7a00000, 0x00000000c7a00000| Complete 
|  81|0x00000000c7b00000, 0x00000000c7c00000, 0x00000000c7c00000|100%| E|CS|TAMS 0x00000000c7b00000, 0x00000000c7b00000| Complete 
|  82|0x00000000c7c00000, 0x00000000c7d00000, 0x00000000c7d00000|100%| E|CS|TAMS 0x00000000c7c00000, 0x00000000c7c00000| Complete 
|  83|0x00000000c7d00000, 0x00000000c7e00000, 0x00000000c7e00000|100%| E|CS|TAMS 0x00000000c7d00000, 0x00000000c7d00000| Complete 
|  84|0x00000000c7e00000, 0x00000000c7f00000, 0x00000000c7f00000|100%| E|CS|TAMS 0x00000000c7e00000, 0x00000000c7e00000| Complete 
|  85|0x00000000c7f00000, 0x00000000c8000000, 0x00000000c8000000|100%| E|CS|TAMS 0x00000000c7f00000, 0x00000000c7f00000| Complete 
|  86|0x00000000c8000000, 0x00000000c8100000, 0x00000000c8100000|100%| E|CS|TAMS 0x00000000c8000000, 0x00000000c8000000| Complete 
|  87|0x00000000c8100000, 0x00000000c8200000, 0x00000000c8200000|100%| E|CS|TAMS 0x00000000c8100000, 0x00000000c8100000| Complete 
|  88|0x00000000c8200000, 0x00000000c8300000, 0x00000000c8300000|100%| E|CS|TAMS 0x00000000c8200000, 0x00000000c8200000| Complete 
|  89|0x00000000c8300000, 0x00000000c8400000, 0x00000000c8400000|100%| E|CS|TAMS 0x00000000c8300000, 0x00000000c8300000| Complete 
|  90|0x00000000c8400000, 0x00000000c8500000, 0x00000000c8500000|100%| E|CS|TAMS 0x00000000c8400000, 0x00000000c8400000| Complete 
|  91|0x00000000c8500000, 0x00000000c8600000, 0x00000000c8600000|100%| E|CS|TAMS 0x00000000c8500000, 0x00000000c8500000| Complete 
|  92|0x00000000c8600000, 0x00000000c8700000, 0x00000000c8700000|100%| E|CS|TAMS 0x00000000c8600000, 0x00000000c8600000| Complete 
| 980|0x00000000ffe00000, 0x00000000ffe47000, 0x00000000fff00000| 27%|OA|  |TAMS 0x00000000ffe00000, 0x00000000ffe00000| Untracked 
| 981|0x00000000fff00000, 0x00000000fff6b000, 0x0000000100000000| 41%|CA|  |TAMS 0x00000000fff00000, 0x00000000fff00000| Untracked 

Card table byte_map: [0x00007f9dd068d000,0x00007f9dd0878000] _byte_map_base: 0x00007f9dd0078000

Marking Bits (Prev, Next): (CMBitMap*) 0x00007f9de8046d78, (CMBitMap*) 0x00007f9de8046db0
 Prev Bits: [0x00007f9dcb0a8000, 0x00007f9dcc000000)
 Next Bits: [0x00007f9dca150000, 0x00007f9dcb0a8000)

Polling page: 0x00007f9dec907000

Metaspace:

Usage:
  Non-class:     15,33 MB capacity,    15,14 MB ( 99%) used,   163,05 KB (  1%) free+waste,    27,00 KB ( <1%) overhead. 
      Class:      1,99 MB capacity,     1,91 MB ( 96%) used,    68,59 KB (  3%) free+waste,    11,69 KB ( <1%) overhead. 
       Both:     17,32 MB capacity,    17,06 MB ( 98%) used,   231,64 KB (  1%) free+waste,    38,69 KB ( <1%) overhead. 

Virtual space:
  Non-class space:       16,00 MB reserved,      15,50 MB ( 97%) committed 
      Class space:        1,00 GB reserved,       2,00 MB ( <1%) committed 
             Both:        1,02 GB reserved,      17,50 MB (  2%) committed 

Chunk freelists:
   Non-Class:  132,00 KB
       Class:  9,00 KB
        Both:  141,00 KB

MaxMetaspaceSize: unlimited
CompressedClassSpaceSize: 1,00 GB

CodeHeap 'non-profiled nmethods': size=120036Kb used=823Kb max_used=823Kb free=119213Kb
 bounds [0x00007f9dd833f000, 0x00007f9dd85af000, 0x00007f9ddf878000]
CodeHeap 'profiled nmethods': size=120032Kb used=3960Kb max_used=3960Kb free=116071Kb
 bounds [0x00007f9dd0e07000, 0x00007f9dd11e7000, 0x00007f9dd833f000]
CodeHeap 'non-nmethods': size=5692Kb used=1189Kb max_used=1221Kb free=4502Kb
 bounds [0x00007f9dd0878000, 0x00007f9dd0ae8000, 0x00007f9dd0e07000]
 total_blobs=2579 nmethods=2108 adapters=392
 compilation: enabled
              stopped_count=0, restarted_count=0
 full_count=0

Compilation events (20 events):
Event: 10,640 Thread 0x00007f9de812e800 2140       3       java.util.RegularEnumSet::add (40 bytes)
Event: 10,640 Thread 0x00007f9de812e800 nmethod 2140 0x00007f9dd11e0910 code [0x00007f9dd11e0ae0, 0x00007f9dd11e0ce0]
Event: 10,641 Thread 0x00007f9de812e800 2141       3       java.util.EnumSet::getUniverse (10 bytes)
Event: 10,641 Thread 0x00007f9de812e800 nmethod 2141 0x00007f9dd11e0e10 code [0x00007f9dd11e0fe0, 0x00007f9dd11e1320]
Event: 10,641 Thread 0x00007f9de812e800 2142       3       java.util.RegularEnumSet::<init> (12 bytes)
Event: 10,642 Thread 0x00007f9de812e800 nmethod 2142 0x00007f9dd11e1490 code [0x00007f9dd11e1660, 0x00007f9dd11e19b0]
Event: 10,642 Thread 0x00007f9de812e800 2143       3       java.util.EnumSet::<init> (15 bytes)
Event: 10,642 Thread 0x00007f9de812e800 nmethod 2143 0x00007f9dd11e1b10 code [0x00007f9dd11e1ce0, 0x00007f9dd11e1fd0]
Event: 10,647 Thread 0x00007f9de812e800 2149 %     3       sun.security.util.math.intpoly.IntegerPolynomial::conditionalSwap @ 7 (57 bytes)
Event: 10,647 Thread 0x00007f9de812e800 nmethod 2149% 0x00007f9dd11e2110 code [0x00007f9dd11e22e0, 0x00007f9dd11e2590]
Event: 10,648 Thread 0x00007f9de812e800 2145       3       java.util.LinkedList::indexOf (73 bytes)
Event: 10,648 Thread 0x00007f9de812e800 nmethod 2145 0x00007f9dd11e2710 code [0x00007f9dd11e2900, 0x00007f9dd11e2d80]
Event: 10,648 Thread 0x00007f9de812e800 2147       1       java.security.AlgorithmParameters::getAlgorithm (5 bytes)
Event: 10,648 Thread 0x00007f9de812e800 nmethod 2147 0x00007f9dd8408010 code [0x00007f9dd84081c0, 0x00007f9dd8408290]
Event: 10,648 Thread 0x00007f9de812e800 2148       3       java.math.BigInteger::bitLength (140 bytes)
Event: 10,649 Thread 0x00007f9de812e800 nmethod 2148 0x00007f9dd11e2f10 code [0x00007f9dd11e3120, 0x00007f9dd11e36b0]
Event: 10,649 Thread 0x00007f9de812e800 2146       3       java.util.EnumSet::noneOf (63 bytes)
Event: 10,650 Thread 0x00007f9de812e800 nmethod 2146 0x00007f9dd11e3910 code [0x00007f9dd11e3c20, 0x00007f9dd11e4ca0]
Event: 10,670 Thread 0x00007f9de812c000 nmethod 2126 0x00007f9dd8408310 code [0x00007f9dd8408580, 0x00007f9dd84097c0]
Event: 10,670 Thread 0x00007f9de812c000 2150       4       sun.security.util.math.intpoly.IntegerPolynomial::carry (36 bytes)

GC Heap History (12 events):
Event: 0,750 GC heap before
{Heap before GC invocations=0 (full 0):
 garbage-first heap   total 65536K, used 7880K [0x00000000c2a00000, 0x0000000100000000)
  region size 1024K, 7 young (7168K), 0 survivors (0K)
 Metaspace       used 2979K, capacity 4961K, committed 5120K, reserved 1056768K
  class space    used 281K, capacity 484K, committed 512K, reserved 1048576K
}
Event: 0,774 GC heap after
{Heap after GC invocations=1 (full 0):
 garbage-first heap   total 65536K, used 4635K [0x00000000c2a00000, 0x0000000100000000)
  region size 1024K, 1 young (1024K), 1 survivors (1024K)
 Metaspace       used 2979K, capacity 4961K, committed 5120K, reserved 1056768K
  class space    used 281K, capacity 484K, committed 512K, reserved 1048576K
}
Event: 0,925 GC heap before
{Heap before GC invocations=1 (full 0):
 garbage-first heap   total 65536K, used 8731K [0x00000000c2a00000, 0x0000000100000000)
  region size 1024K, 5 young (5120K), 1 survivors (1024K)
 Metaspace       used 3449K, capacity 5294K, committed 5504K, reserved 1056768K
  class space    used 329K, capacity 532K, committed 640K, reserved 1048576K
}
Event: 0,941 GC heap after
{Heap after GC invocations=2 (full 0):
 garbage-first heap   total 65536K, used 5131K [0x00000000c2a00000, 0x0000000100000000)
  region size 1024K, 1 young (1024K), 1 survivors (1024K)
 Metaspace       used 3449K, capacity 5294K, committed 5504K, reserved 1056768K
  class space    used 329K, capacity 532K, committed 640K, reserved 1048576K
}
Event: 1,240 GC heap before
{Heap before GC invocations=2 (full 0):
 garbage-first heap   total 65536K, used 14347K [0x00000000c2a00000, 0x0000000100000000)
  region size 1024K, 11 young (11264K), 1 survivors (1024K)
 Metaspace       used 4591K, capacity 6179K, committed 6272K, reserved 1056768K
  class space    used 456K, capacity 635K, committed 640K, reserved 1048576K
}
Event: 1,243 GC heap after
{Heap after GC invocations=3 (full 0):
 garbage-first heap   total 65536K, used 5218K [0x00000000c2a00000, 0x0000000100000000)
  region size 1024K, 1 young (1024K), 1 survivors (1024K)
 Metaspace       used 4591K, capacity 6179K, committed 6272K, reserved 1056768K
  class space    used 456K, capacity 635K, committed 640K, reserved 1048576K
}
Event: 1,902 GC heap before
{Heap before GC invocations=3 (full 0):
 garbage-first heap   total 65536K, used 31842K [0x00000000c2a00000, 0x0000000100000000)
  region size 1024K, 27 young (27648K), 1 survivors (1024K)
 Metaspace       used 7298K, capacity 8057K, committed 8320K, reserved 1056768K
  class space    used 789K, capacity 876K, committed 896K, reserved 1048576K
}
Event: 1,930 GC heap after
{Heap after GC invocations=4 (full 0):
 garbage-first heap   total 65536K, used 5805K [0x00000000c2a00000, 0x0000000100000000)
  region size 1024K, 2 young (2048K), 2 survivors (2048K)
 Metaspace       used 7298K, capacity 8057K, committed 8320K, reserved 1056768K
  class space    used 789K, capacity 876K, committed 896K, reserved 1048576K
}
Event: 8,448 GC heap before
{Heap before GC invocations=4 (full 0):
 garbage-first heap   total 65536K, used 38573K [0x00000000c2a00000, 0x0000000100000000)
  region size 1024K, 34 young (34816K), 2 survivors (2048K)
 Metaspace       used 13381K, capacity 13660K, committed 13952K, reserved 1060864K
  class space    used 1489K, capacity 1580K, committed 1664K, reserved 1048576K
}
Event: 8,470 GC heap after
{Heap after GC invocations=5 (full 0):
 garbage-first heap   total 65536K, used 8512K [0x00000000c2a00000, 0x0000000100000000)
  region size 1024K, 4 young (4096K), 4 survivors (4096K)
 Metaspace       used 13381K, capacity 13660K, committed 13952K, reserved 1060864K
  class space    used 1489K, capacity 1580K, committed 1664K, reserved 1048576K
}
Event: 9,361 GC heap before
{Heap before GC invocations=5 (full 0):
 garbage-first heap   total 65536K, used 42304K [0x00000000c2a00000, 0x0000000100000000)
  region size 1024K, 37 young (37888K), 4 survivors (4096K)
 Metaspace       used 16008K, capacity 16328K, committed 16768K, reserved 1064960K
  class space    used 1775K, capacity 1872K, committed 1920K, reserved 1048576K
}
Event: 9,391 GC heap after
{Heap after GC invocations=6 (full 0):
 garbage-first heap   total 97280K, used 9011K [0x00000000c2a00000, 0x0000000100000000)
  region size 1024K, 1 young (1024K), 1 survivors (1024K)
 Metaspace       used 16008K, capacity 16328K, committed 16768K, reserved 1064960K
  class space    used 1775K, capacity 1872K, committed 1920K, reserved 1048576K
}

Deoptimization events (20 events):
Event: 10,622 Thread 0x00007f9de8019000 DEOPT PACKING pc=0x00007f9dd10bbdb3 sp=0x00007f9deca49a90
Event: 10,622 Thread 0x00007f9de8019000 DEOPT UNPACKING pc=0x00007f9dd08ae12b sp=0x00007f9deca48f78 mode 0
Event: 10,623 Thread 0x00007f9de8019000 DEOPT PACKING pc=0x00007f9dd10bbdb3 sp=0x00007f9deca49a90
Event: 10,623 Thread 0x00007f9de8019000 DEOPT UNPACKING pc=0x00007f9dd08ae12b sp=0x00007f9deca48f78 mode 0
Event: 10,624 Thread 0x00007f9de8019000 DEOPT PACKING pc=0x00007f9dd10bbdb3 sp=0x00007f9deca49a90
Event: 10,624 Thread 0x00007f9de8019000 DEOPT UNPACKING pc=0x00007f9dd08ae12b sp=0x00007f9deca48f78 mode 0
Event: 10,625 Thread 0x00007f9de8019000 DEOPT PACKING pc=0x00007f9dd10bbdb3 sp=0x00007f9deca49a90
Event: 10,625 Thread 0x00007f9de8019000 DEOPT UNPACKING pc=0x00007f9dd08ae12b sp=0x00007f9deca48f78 mode 0
Event: 10,627 Thread 0x00007f9de8019000 DEOPT PACKING pc=0x00007f9dd10bbdb3 sp=0x00007f9deca49b20
Event: 10,627 Thread 0x00007f9de8019000 DEOPT UNPACKING pc=0x00007f9dd08ae12b sp=0x00007f9deca49008 mode 0
Event: 10,634 Thread 0x00007f9de8019000 DEOPT PACKING pc=0x00007f9dd10bbdb3 sp=0x00007f9deca49b20
Event: 10,634 Thread 0x00007f9de8019000 DEOPT UNPACKING pc=0x00007f9dd08ae12b sp=0x00007f9deca49008 mode 0
Event: 10,635 Thread 0x00007f9de8019000 DEOPT PACKING pc=0x00007f9dd10bbdb3 sp=0x00007f9deca49a90
Event: 10,635 Thread 0x00007f9de8019000 DEOPT UNPACKING pc=0x00007f9dd08ae12b sp=0x00007f9deca48f78 mode 0
Event: 10,641 Thread 0x00007f9de8019000 DEOPT PACKING pc=0x00007f9dd10bbdb3 sp=0x00007f9deca49b20
Event: 10,641 Thread 0x00007f9de8019000 DEOPT UNPACKING pc=0x00007f9dd08ae12b sp=0x00007f9deca49008 mode 0
Event: 10,643 Thread 0x00007f9de8019000 DEOPT PACKING pc=0x00007f9dd10bbdb3 sp=0x00007f9deca499b0
Event: 10,643 Thread 0x00007f9de8019000 DEOPT UNPACKING pc=0x00007f9dd08ae12b sp=0x00007f9deca48e98 mode 0
Event: 10,644 Thread 0x00007f9de8019000 DEOPT PACKING pc=0x00007f9dd10bbdb3 sp=0x00007f9deca49900
Event: 10,644 Thread 0x00007f9de8019000 DEOPT UNPACKING pc=0x00007f9dd08ae12b sp=0x00007f9deca48de8 mode 0

Classes redefined (0 events):
No events

Internal exceptions (17 events):
Event: 0,540 Thread 0x00007f9de8019000 Exception <a 'java/security/PrivilegedActionException'{0x00000000c6420da8}> (0x00000000c6420da8) thrown at [src/hotspot/share/prims/jvm.cpp, line 1304]
Event: 0,540 Thread 0x00007f9de8019000 Exception <a 'java/security/PrivilegedActionException'{0x00000000c6421078}> (0x00000000c6421078) thrown at [src/hotspot/share/prims/jvm.cpp, line 1304]
Event: 0,540 Thread 0x00007f9de8019000 Exception <a 'java/security/PrivilegedActionException'{0x00000000c6421b40}> (0x00000000c6421b40) thrown at [src/hotspot/share/prims/jvm.cpp, line 1304]
Event: 0,540 Thread 0x00007f9de8019000 Exception <a 'java/security/PrivilegedActionException'{0x00000000c6421e10}> (0x00000000c6421e10) thrown at [src/hotspot/share/prims/jvm.cpp, line 1304]
Event: 0,540 Thread 0x00007f9de8019000 Exception <a 'java/security/PrivilegedActionException'{0x00000000c6422988}> (0x00000000c6422988) thrown at [src/hotspot/share/prims/jvm.cpp, line 1304]
Event: 0,540 Thread 0x00007f9de8019000 Exception <a 'java/security/PrivilegedActionException'{0x00000000c6422c58}> (0x00000000c6422c58) thrown at [src/hotspot/share/prims/jvm.cpp, line 1304]
Event: 0,540 Thread 0x00007f9de8019000 Exception <a 'java/security/PrivilegedActionException'{0x00000000c6423760}> (0x00000000c6423760) thrown at [src/hotspot/share/prims/jvm.cpp, line 1304]
Event: 0,540 Thread 0x00007f9de8019000 Exception <a 'java/security/PrivilegedActionException'{0x00000000c6423a30}> (0x00000000c6423a30) thrown at [src/hotspot/share/prims/jvm.cpp, line 1304]
Event: 0,540 Thread 0x00007f9de8019000 Exception <a 'java/security/PrivilegedActionException'{0x00000000c6438688}> (0x00000000c6438688) thrown at [src/hotspot/share/prims/jvm.cpp, line 1304]
Event: 0,540 Thread 0x00007f9de8019000 Exception <a 'java/security/PrivilegedActionException'{0x00000000c6438958}> (0x00000000c6438958) thrown at [src/hotspot/share/prims/jvm.cpp, line 1304]
Event: 0,541 Thread 0x00007f9de8019000 Exception <a 'java/security/PrivilegedActionException'{0x00000000c64394d0}> (0x00000000c64394d0) thrown at [src/hotspot/share/prims/jvm.cpp, line 1304]
Event: 0,541 Thread 0x00007f9de8019000 Exception <a 'java/security/PrivilegedActionException'{0x00000000c64397a0}> (0x00000000c64397a0) thrown at [src/hotspot/share/prims/jvm.cpp, line 1304]
Event: 2,184 Thread 0x00007f9de8019000 Exception <a 'java/lang/NoSuchMethodError'{0x00000000c623af70}: 'int java.lang.invoke.DirectMethodHandle$Holder.invokeSpecialIFC(java.lang.Object, java.lang.Object, int)'> (0x00000000c623af70) thrown at [src/hotspot/share/interpreter/linkResolver.cpp, line 772]
Event: 2,361 Thread 0x00007f9de8019000 Exception <a 'java/lang/NoSuchMethodError'{0x00000000c60ba0f8}: 'int java.lang.invoke.DirectMethodHandle$Holder.invokeStaticInit(java.lang.Object, java.lang.Object, java.lang.Object, java.lang.Object)'> (0x00000000c60ba0f8) thrown at [src/hotspot/share/interpreter/linkResolver.cpp, line 772]
Event: 2,369 Thread 0x00007f9de8019000 Exception <a 'java/lang/IncompatibleClassChangeError'{0x00000000c60c3290}: Found class java.lang.Object, but interface was expected> (0x00000000c60c3290) thrown at [src/hotspot/share/interpreter/linkResolver.cpp, line 839]
Event: 2,371 Thread 0x00007f9de8019000 Exception <a 'java/lang/NoSuchMethodError'{0x00000000c60c6400}: 'void java.lang.invoke.DirectMethodHandle$Holder.invokeStaticInit(java.lang.Object, java.lang.Object)'> (0x00000000c60c6400) thrown at [src/hotspot/share/interpreter/linkResolver.cpp, line 772]
Event: 2,373 Thread 0x00007f9de8019000 Exception <a 'java/lang/NoSuchMethodError'{0x00000000c60cd898}: 'int java.lang.invoke.DirectMethodHandle$Holder.invokeStaticInit(java.lang.Object, java.lang.Object)'> (0x00000000c60cd898) thrown at [src/hotspot/share/interpreter/linkResolver.cpp, line 772]

Events (20 events):
Event: 10,138 loading class com/fasterxml/jackson/databind/annotation/JsonSerialize$Inclusion
Event: 10,138 loading class com/fasterxml/jackson/databind/annotation/JsonSerialize$Inclusion done
Event: 10,138 loading class com/fasterxml/jackson/databind/JsonSerializer$None
Event: 10,138 loading class com/fasterxml/jackson/databind/JsonSerializer$None done
Event: 10,139 loading class org/geojson/jackson/LngLatAltSerializer
Event: 10,139 loading class org/geojson/jackson/LngLatAltSerializer done
Event: 10,159 loading class com/fasterxml/jackson/databind/introspect/AnnotationCollector$TwoAnnotations
Event: 10,159 loading class com/fasterxml/jackson/databind/introspect/AnnotationCollector$TwoAnnotations done
Event: 10,160 loading class com/fasterxml/jackson/databind/annotation/NoClass
Event: 10,160 loading class com/fasterxml/jackson/databind/annotation/NoClass done
Event: 10,161 loading class org/geojson/jackson/LngLatAltDeserializer$1
Event: 10,161 loading class org/geojson/jackson/LngLatAltDeserializer$1 done
Event: 10,163 loading class com/fasterxml/jackson/databind/util/ArrayBuilders
Event: 10,163 loading class com/fasterxml/jackson/databind/util/ArrayBuilders done
Event: 10,163 loading class com/fasterxml/jackson/databind/util/ArrayBuilders$DoubleBuilder
Event: 10,163 loading class com/fasterxml/jackson/databind/util/ArrayBuilders$DoubleBuilder done
Event: 10,164 loading class com/fasterxml/jackson/databind/util/PrimitiveArrayBuilder
Event: 10,164 loading class com/fasterxml/jackson/databind/util/PrimitiveArrayBuilder done
Event: 10,586 Thread 0x000055e4ca7a3000 Thread exited: 0x000055e4ca7a3000
Event: 10,676 loading class jdk/internal/misc/Signal$1


Dynamic libraries:
c2a00000-c8700000 rw-p 00000000 00:00 0 
c8700000-ffe00000 ---p 00000000 00:00 0 
ffe00000-ffe47000 rw-p 01111000 08:05 1578044                            /usr/lib/jvm/java-11-openjdk-amd64/lib/server/classes.jsa
ffe47000-fff00000 rw-p 00000000 00:00 0 
fff00000-fff6b000 rw-p 010a6000 08:05 1578044                            /usr/lib/jvm/java-11-openjdk-amd64/lib/server/classes.jsa
fff6b000-100000000 rw-p 00000000 00:00 0 
800000000-800002000 rwxp 00001000 08:05 1578044                          /usr/lib/jvm/java-11-openjdk-amd64/lib/server/classes.jsa
800002000-8010a5000 rw-p 00003000 08:05 1578044                          /usr/lib/jvm/java-11-openjdk-amd64/lib/server/classes.jsa
840000000-840200000 rw-p 00000000 00:00 0 
840200000-880000000 ---p 00000000 00:00 0 
55e4c9f5d000-55e4c9f5e000 r--p 00000000 08:05 9572090                    /usr/lib/jvm/java-11-openjdk-amd64/bin/java
55e4c9f5e000-55e4c9f5f000 r-xp 00001000 08:05 9572090                    /usr/lib/jvm/java-11-openjdk-amd64/bin/java
55e4c9f5f000-55e4c9f60000 r--p 00002000 08:05 9572090                    /usr/lib/jvm/java-11-openjdk-amd64/bin/java
55e4c9f60000-55e4c9f61000 r--p 00002000 08:05 9572090                    /usr/lib/jvm/java-11-openjdk-amd64/bin/java
55e4c9f61000-55e4c9f62000 rw-p 00003000 08:05 9572090                    /usr/lib/jvm/java-11-openjdk-amd64/bin/java
55e4ca787000-55e4ca7c9000 rw-p 00000000 00:00 0                          [heap]
7f9d90000000-7f9d90021000 rw-p 00000000 00:00 0 
7f9d90021000-7f9d94000000 ---p 00000000 00:00 0 
7f9d94000000-7f9d94021000 rw-p 00000000 00:00 0 
7f9d94021000-7f9d98000000 ---p 00000000 00:00 0 
7f9d98000000-7f9d9a266000 rw-p 00000000 00:00 0 
7f9d9a266000-7f9d9c000000 ---p 00000000 00:00 0 
7f9d9c000000-7f9d9c9da000 rw-p 00000000 00:00 0 
7f9d9c9da000-7f9da0000000 ---p 00000000 00:00 0 
7f9da0000000-7f9da0021000 rw-p 00000000 00:00 0 
7f9da0021000-7f9da4000000 ---p 00000000 00:00 0 
7f9da4000000-7f9da4021000 rw-p 00000000 00:00 0 
7f9da4021000-7f9da8000000 ---p 00000000 00:00 0 
7f9da8000000-7f9da8021000 rw-p 00000000 00:00 0 
7f9da8021000-7f9dac000000 ---p 00000000 00:00 0 
7f9dac000000-7f9dac021000 rw-p 00000000 00:00 0 
7f9dac021000-7f9db0000000 ---p 00000000 00:00 0 
7f9db0000000-7f9db0021000 rw-p 00000000 00:00 0 
7f9db0021000-7f9db4000000 ---p 00000000 00:00 0 
7f9db4000000-7f9db4021000 rw-p 00000000 00:00 0 
7f9db4021000-7f9db8000000 ---p 00000000 00:00 0 
7f9db917b000-7f9db92fb000 rw-p 00000000 00:00 0 
7f9db92fb000-7f9db937b000 ---p 00000000 00:00 0 
7f9db937b000-7f9db957b000 rw-p 00000000 00:00 0 
7f9db957b000-7f9db977b000 rw-p 00000000 00:00 0 
7f9db9907000-7f9db990b000 ---p 00000000 00:00 0 
7f9db990b000-7f9db9c08000 rw-p 00000000 00:00 0 
7f9db9c08000-7f9db9c0a000 r--p 00000000 08:05 9443925                    /usr/lib/x86_64-linux-gnu/libnss_dns-2.31.so
7f9db9c0a000-7f9db9c0e000 r-xp 00002000 08:05 9443925                    /usr/lib/x86_64-linux-gnu/libnss_dns-2.31.so
7f9db9c0e000-7f9db9c0f000 r--p 00006000 08:05 9443925                    /usr/lib/x86_64-linux-gnu/libnss_dns-2.31.so
7f9db9c0f000-7f9db9c10000 r--p 00006000 08:05 9443925                    /usr/lib/x86_64-linux-gnu/libnss_dns-2.31.so
7f9db9c10000-7f9db9c11000 rw-p 00007000 08:05 9443925                    /usr/lib/x86_64-linux-gnu/libnss_dns-2.31.so
7f9db9c11000-7f9db9c12000 ---p 00000000 00:00 0 
7f9db9c12000-7f9db9d13000 rw-p 00000000 00:00 0 
7f9db9d13000-7f9db9d14000 ---p 00000000 00:00 0 
7f9db9d14000-7f9db9e15000 rw-p 00000000 00:00 0 
7f9db9e15000-7f9db9e19000 ---p 00000000 00:00 0 
7f9db9e19000-7f9db9f16000 rw-p 00000000 00:00 0 
7f9db9f16000-7f9db9f1a000 ---p 00000000 00:00 0 
7f9db9f1a000-7f9dba017000 rw-p 00000000 00:00 0 
7f9dba017000-7f9dba01b000 ---p 00000000 00:00 0 
7f9dba01b000-7f9dba118000 rw-p 00000000 00:00 0 
7f9dba118000-7f9dba11c000 ---p 00000000 00:00 0 
7f9dba11c000-7f9dba219000 rw-p 00000000 00:00 0 
7f9dba219000-7f9dba21d000 ---p 00000000 00:00 0 
7f9dba21d000-7f9dba31a000 rw-p 00000000 00:00 0 
7f9dba31a000-7f9dba31e000 ---p 00000000 00:00 0 
7f9dba31e000-7f9dba41b000 rw-p 00000000 00:00 0 
7f9dba41b000-7f9dba41f000 ---p 00000000 00:00 0 
7f9dba41f000-7f9dba51c000 rw-p 00000000 00:00 0 
7f9dba51c000-7f9dba520000 ---p 00000000 00:00 0 
7f9dba520000-7f9dba61d000 rw-p 00000000 00:00 0 
7f9dba61d000-7f9dba621000 ---p 00000000 00:00 0 
7f9dba621000-7f9dba71e000 rw-p 00000000 00:00 0 
7f9dba71e000-7f9dbb4fc000 r--p 00000000 08:05 9442487                    /usr/lib/locale/locale-archive
7f9dbb4fc000-7f9dbb500000 ---p 00000000 00:00 0 
7f9dbb500000-7f9dbb5fd000 rw-p 00000000 00:00 0 
7f9dbb5fd000-7f9dbb601000 ---p 00000000 00:00 0 
7f9dbb601000-7f9dbb6fe000 rw-p 00000000 00:00 0 
7f9dbb6fe000-7f9dbb6ff000 ---p 00000000 00:00 0 
7f9dbb6ff000-7f9dbc000000 rw-p 00000000 00:00 0 
7f9dbc000000-7f9dbc021000 rw-p 00000000 00:00 0 
7f9dbc021000-7f9dc0000000 ---p 00000000 00:00 0 
7f9dc0000000-7f9dc0021000 rw-p 00000000 00:00 0 
7f9dc0021000-7f9dc4000000 ---p 00000000 00:00 0 
7f9dc4000000-7f9dc4021000 rw-p 00000000 00:00 0 
7f9dc4021000-7f9dc8000000 ---p 00000000 00:00 0 
7f9dc8000000-7f9dc8004000 r--p 00000000 08:05 9444109                    /usr/lib/x86_64-linux-gnu/libresolv-2.31.so
7f9dc8004000-7f9dc8014000 r-xp 00004000 08:05 9444109                    /usr/lib/x86_64-linux-gnu/libresolv-2.31.so
7f9dc8014000-7f9dc8017000 r--p 00014000 08:05 9444109                    /usr/lib/x86_64-linux-gnu/libresolv-2.31.so
7f9dc8017000-7f9dc8018000 ---p 00017000 08:05 9444109                    /usr/lib/x86_64-linux-gnu/libresolv-2.31.so
7f9dc8018000-7f9dc8019000 r--p 00017000 08:05 9444109                    /usr/lib/x86_64-linux-gnu/libresolv-2.31.so
7f9dc8019000-7f9dc801a000 rw-p 00018000 08:05 9444109                    /usr/lib/x86_64-linux-gnu/libresolv-2.31.so
7f9dc801a000-7f9dc801c000 rw-p 00000000 00:00 0 
7f9dc801c000-7f9dc8024000 r--p 00000000 08:05 1575237                    /usr/lib/jvm/java-11-openjdk-amd64/lib/libsunec.so
7f9dc8024000-7f9dc803d000 r-xp 00008000 08:05 1575237                    /usr/lib/jvm/java-11-openjdk-amd64/lib/libsunec.so
7f9dc803d000-7f9dc8047000 r--p 00021000 08:05 1575237                    /usr/lib/jvm/java-11-openjdk-amd64/lib/libsunec.so
7f9dc8047000-7f9dc8048000 ---p 0002b000 08:05 1575237                    /usr/lib/jvm/java-11-openjdk-amd64/lib/libsunec.so
7f9dc8048000-7f9dc804c000 r--p 0002b000 08:05 1575237                    /usr/lib/jvm/java-11-openjdk-amd64/lib/libsunec.so
7f9dc804c000-7f9dc804e000 rw-p 0002f000 08:05 1575237                    /usr/lib/jvm/java-11-openjdk-amd64/lib/libsunec.so
7f9dc804e000-7f9dc804f000 ---p 00000000 00:00 0 
7f9dc804f000-7f9dca2c4000 rw-p 00000000 00:00 0 
7f9dca2c4000-7f9dcb0a0000 ---p 00000000 00:00 0 
7f9dcb0a0000-7f9dcb21c000 rw-p 00000000 00:00 0 
7f9dcb21c000-7f9dcbff8000 ---p 00000000 00:00 0 
7f9dcbff8000-7f9dcc000000 rw-p 00000000 00:00 0 
7f9dcc000000-7f9dcc021000 rw-p 00000000 00:00 0 
7f9dcc021000-7f9dd0000000 ---p 00000000 00:00 0 
7f9dd0002000-7f9dd0003000 r--p 00000000 08:05 9443933                    /usr/lib/x86_64-linux-gnu/libnss_mdns4_minimal.so.2
7f9dd0003000-7f9dd0005000 r-xp 00001000 08:05 9443933                    /usr/lib/x86_64-linux-gnu/libnss_mdns4_minimal.so.2
7f9dd0005000-7f9dd0006000 r--p 00003000 08:05 9443933                    /usr/lib/x86_64-linux-gnu/libnss_mdns4_minimal.so.2
7f9dd0006000-7f9dd0007000 r--p 00003000 08:05 9443933                    /usr/lib/x86_64-linux-gnu/libnss_mdns4_minimal.so.2
7f9dd0007000-7f9dd0008000 rw-p 00004000 08:05 9443933                    /usr/lib/x86_64-linux-gnu/libnss_mdns4_minimal.so.2
7f9dd001b000-7f9dd009c000 rw-p 00000000 00:00 0 
7f9dd009c000-7f9dd009d000 ---p 00000000 00:00 0 
7f9dd009d000-7f9dd03a0000 rw-p 00000000 00:00 0 
7f9dd03a0000-7f9dd03a1000 ---p 00000000 00:00 0 
7f9dd03a1000-7f9dd04d1000 rw-p 00000000 00:00 0 
7f9dd04d1000-7f9dd068c000 ---p 00000000 00:00 0 
7f9dd068c000-7f9dd06bc000 rw-p 00000000 00:00 0 
7f9dd06bc000-7f9dd0877000 ---p 00000000 00:00 0 
7f9dd0877000-7f9dd0878000 rw-p 00000000 00:00 0 
7f9dd0878000-7f9dd0ae8000 rwxp 00000000 00:00 0 
7f9dd0ae8000-7f9dd0e07000 ---p 00000000 00:00 0 
7f9dd0e07000-7f9dd11e7000 rwxp 00000000 00:00 0 
7f9dd11e7000-7f9dd833f000 ---p 00000000 00:00 0 
7f9dd833f000-7f9dd85af000 rwxp 00000000 00:00 0 
7f9dd85af000-7f9ddf878000 ---p 00000000 00:00 0 
7f9de8000000-7f9de8a95000 rw-p 00000000 00:00 0 
7f9de8a95000-7f9dec000000 ---p 00000000 00:00 0 
7f9dec002000-7f9dec003000 r--p 00000000 08:05 1573771                    /usr/lib/jvm/java-11-openjdk-amd64/lib/libextnet.so
7f9dec003000-7f9dec004000 r-xp 00001000 08:05 1573771                    /usr/lib/jvm/java-11-openjdk-amd64/lib/libextnet.so
7f9dec004000-7f9dec005000 r--p 00002000 08:05 1573771                    /usr/lib/jvm/java-11-openjdk-amd64/lib/libextnet.so
7f9dec005000-7f9dec006000 r--p 00002000 08:05 1573771                    /usr/lib/jvm/java-11-openjdk-amd64/lib/libextnet.so
7f9dec006000-7f9dec007000 rw-p 00003000 08:05 1573771                    /usr/lib/jvm/java-11-openjdk-amd64/lib/libextnet.so
7f9dec007000-7f9dec00b000 r--p 00000000 08:05 1575231                    /usr/lib/jvm/java-11-openjdk-amd64/lib/libnet.so
7f9dec00b000-7f9dec01a000 r-xp 00004000 08:05 1575231                    /usr/lib/jvm/java-11-openjdk-amd64/lib/libnet.so
7f9dec01a000-7f9dec01e000 r--p 00013000 08:05 1575231                    /usr/lib/jvm/java-11-openjdk-amd64/lib/libnet.so
7f9dec01e000-7f9dec01f000 r--p 00016000 08:05 1575231                    /usr/lib/jvm/java-11-openjdk-amd64/lib/libnet.so
7f9dec01f000-7f9dec020000 rw-p 00017000 08:05 1575231                    /usr/lib/jvm/java-11-openjdk-amd64/lib/libnet.so
7f9dec020000-7f9dec027000 r--p 00000000 08:05 1575232                    /usr/lib/jvm/java-11-openjdk-amd64/lib/libnio.so
7f9dec027000-7f9dec02f000 r-xp 00007000 08:05 1575232                    /usr/lib/jvm/java-11-openjdk-amd64/lib/libnio.so
7f9dec02f000-7f9dec032000 r--p 0000f000 08:05 1575232                    /usr/lib/jvm/java-11-openjdk-amd64/lib/libnio.so
7f9dec032000-7f9dec033000 r--p 00011000 08:05 1575232                    /usr/lib/jvm/java-11-openjdk-amd64/lib/libnio.so
7f9dec033000-7f9dec034000 rw-p 00012000 08:05 1575232                    /usr/lib/jvm/java-11-openjdk-amd64/lib/libnio.so
7f9dec034000-7f9dec036000 r--p 00000000 08:05 1573770                    /usr/lib/jvm/java-11-openjdk-amd64/lib/libdt_socket.so
7f9dec036000-7f9dec039000 r-xp 00002000 08:05 1573770                    /usr/lib/jvm/java-11-openjdk-amd64/lib/libdt_socket.so
7f9dec039000-7f9dec03a000 r--p 00005000 08:05 1573770                    /usr/lib/jvm/java-11-openjdk-amd64/lib/libdt_socket.so
7f9dec03a000-7f9dec03b000 ---p 00006000 08:05 1573770                    /usr/lib/jvm/java-11-openjdk-amd64/lib/libdt_socket.so
7f9dec03b000-7f9dec03c000 r--p 00006000 08:05 1573770                    /usr/lib/jvm/java-11-openjdk-amd64/lib/libdt_socket.so
7f9dec03c000-7f9dec03d000 rw-p 00007000 08:05 1573770                    /usr/lib/jvm/java-11-openjdk-amd64/lib/libdt_socket.so
7f9dec03d000-7f9dec044000 r--s 00000000 08:05 657050                     /usr/lib/x86_64-linux-gnu/gconv/gconv-modules.cache
7f9dec044000-7f9dec09f000 rw-p 00000000 00:00 0 
7f9dec09f000-7f9dec0a0000 ---p 00000000 00:00 0 
7f9dec0a0000-7f9dec1f1000 rw-p 00000000 00:00 0 
7f9dec1f1000-7f9dec3ac000 ---p 00000000 00:00 0 
7f9dec3ac000-7f9dec5af000 rw-p 00000000 00:00 0 
7f9dec5af000-7f9dec5b0000 ---p 00000000 00:00 0 
7f9dec5b0000-7f9dec6b6000 rw-p 00000000 00:00 0 
7f9dec6b6000-7f9dec79c000 ---p 00000000 00:00 0 
7f9dec79c000-7f9dec7a4000 rw-p 00000000 00:00 0 
7f9dec7a4000-7f9dec887000 ---p 00000000 00:00 0 
7f9dec887000-7f9dec88c000 rw-p 00000000 00:00 0 
7f9dec88c000-7f9dec893000 ---p 00000000 00:00 0 
7f9dec893000-7f9dec895000 r--s 0000c000 08:05 795403                     /usr/share/java/java-atk-wrapper.jar
7f9dec895000-7f9dec898000 r--p 00000000 08:05 9443927                    /usr/lib/x86_64-linux-gnu/libnss_files-2.31.so
7f9dec898000-7f9dec89f000 r-xp 00003000 08:05 9443927                    /usr/lib/x86_64-linux-gnu/libnss_files-2.31.so
7f9dec89f000-7f9dec8a1000 r--p 0000a000 08:05 9443927                    /usr/lib/x86_64-linux-gnu/libnss_files-2.31.so
7f9dec8a1000-7f9dec8a2000 r--p 0000b000 08:05 9443927                    /usr/lib/x86_64-linux-gnu/libnss_files-2.31.so
7f9dec8a2000-7f9dec8a3000 rw-p 0000c000 08:05 9443927                    /usr/lib/x86_64-linux-gnu/libnss_files-2.31.so
7f9dec8a3000-7f9dec8a9000 rw-p 00000000 00:00 0 
7f9dec8aa000-7f9dec8ac000 r--p 00000000 08:05 1575240                    /usr/lib/jvm/java-11-openjdk-amd64/lib/libzip.so
7f9dec8ac000-7f9dec8b0000 r-xp 00002000 08:05 1575240                    /usr/lib/jvm/java-11-openjdk-amd64/lib/libzip.so
7f9dec8b0000-7f9dec8b2000 r--p 00006000 08:05 1575240                    /usr/lib/jvm/java-11-openjdk-amd64/lib/libzip.so
7f9dec8b2000-7f9dec8b3000 r--p 00007000 08:05 1575240                    /usr/lib/jvm/java-11-openjdk-amd64/lib/libzip.so
7f9dec8b3000-7f9dec8b4000 rw-p 00008000 08:05 1575240                    /usr/lib/jvm/java-11-openjdk-amd64/lib/libzip.so
7f9dec8b4000-7f9dec8bc000 rw-s 00000000 08:05 5244365                    /tmp/hsperfdata_rodrigo/6437
7f9dec8bc000-7f9dec8be000 r--p 00000000 08:05 1573773                    /usr/lib/jvm/java-11-openjdk-amd64/lib/libinstrument.so
7f9dec8be000-7f9dec8c4000 r-xp 00002000 08:05 1573773                    /usr/lib/jvm/java-11-openjdk-amd64/lib/libinstrument.so
7f9dec8c4000-7f9dec8c7000 r--p 00008000 08:05 1573773                    /usr/lib/jvm/java-11-openjdk-amd64/lib/libinstrument.so
7f9dec8c7000-7f9dec8c8000 r--p 0000a000 08:05 1573773                    /usr/lib/jvm/java-11-openjdk-amd64/lib/libinstrument.so
7f9dec8c8000-7f9dec8c9000 rw-p 0000b000 08:05 1573773                    /usr/lib/jvm/java-11-openjdk-amd64/lib/libinstrument.so
7f9dec8c9000-7f9dec8cb000 r--p 00000000 08:05 1573780                    /usr/lib/jvm/java-11-openjdk-amd64/lib/libjdwp.so
7f9dec8cb000-7f9dec8f7000 r-xp 00002000 08:05 1573780                    /usr/lib/jvm/java-11-openjdk-amd64/lib/libjdwp.so
7f9dec8f7000-7f9dec905000 r--p 0002e000 08:05 1573780                    /usr/lib/jvm/java-11-openjdk-amd64/lib/libjdwp.so
7f9dec905000-7f9dec906000 r--p 0003b000 08:05 1573780                    /usr/lib/jvm/java-11-openjdk-amd64/lib/libjdwp.so
7f9dec906000-7f9dec907000 rw-p 0003c000 08:05 1573780                    /usr/lib/jvm/java-11-openjdk-amd64/lib/libjdwp.so
7f9dec907000-7f9dec908000 ---p 00000000 00:00 0 
7f9dec908000-7f9dec909000 r--p 00000000 00:00 0 
7f9dec909000-7f9dec90b000 r--p 00000000 08:05 1573781                    /usr/lib/jvm/java-11-openjdk-amd64/lib/libjimage.so
7f9dec90b000-7f9dec90e000 r-xp 00002000 08:05 1573781                    /usr/lib/jvm/java-11-openjdk-amd64/lib/libjimage.so
7f9dec90e000-7f9dec90f000 r--p 00005000 08:05 1573781                    /usr/lib/jvm/java-11-openjdk-amd64/lib/libjimage.so
7f9dec90f000-7f9dec910000 ---p 00006000 08:05 1573781                    /usr/lib/jvm/java-11-openjdk-amd64/lib/libjimage.so
7f9dec910000-7f9dec911000 r--p 00006000 08:05 1573781                    /usr/lib/jvm/java-11-openjdk-amd64/lib/libjimage.so
7f9dec911000-7f9dec912000 rw-p 00007000 08:05 1573781                    /usr/lib/jvm/java-11-openjdk-amd64/lib/libjimage.so
7f9dec912000-7f9dec920000 r--p 00000000 08:05 1573778                    /usr/lib/jvm/java-11-openjdk-amd64/lib/libjava.so
7f9dec920000-7f9dec936000 r-xp 0000e000 08:05 1573778                    /usr/lib/jvm/java-11-openjdk-amd64/lib/libjava.so
7f9dec936000-7f9dec93d000 r--p 00024000 08:05 1573778                    /usr/lib/jvm/java-11-openjdk-amd64/lib/libjava.so
7f9dec93d000-7f9dec93e000 r--p 0002a000 08:05 1573778                    /usr/lib/jvm/java-11-openjdk-amd64/lib/libjava.so
7f9dec93e000-7f9dec93f000 rw-p 0002b000 08:05 1573778                    /usr/lib/jvm/java-11-openjdk-amd64/lib/libjava.so
7f9dec93f000-7f9dec940000 rw-p 00000000 00:00 0 
7f9dec940000-7f9dec943000 r--p 00000000 08:05 9444129                    /usr/lib/x86_64-linux-gnu/librt-2.31.so
7f9dec943000-7f9dec947000 r-xp 00003000 08:05 9444129                    /usr/lib/x86_64-linux-gnu/librt-2.31.so
7f9dec947000-7f9dec948000 r--p 00007000 08:05 9444129                    /usr/lib/x86_64-linux-gnu/librt-2.31.so
7f9dec948000-7f9dec949000 ---p 00008000 08:05 9444129                    /usr/lib/x86_64-linux-gnu/librt-2.31.so
7f9dec949000-7f9dec94a000 r--p 00008000 08:05 9444129                    /usr/lib/x86_64-linux-gnu/librt-2.31.so
7f9dec94a000-7f9dec94b000 rw-p 00009000 08:05 9444129                    /usr/lib/x86_64-linux-gnu/librt-2.31.so
7f9dec94b000-7f9dec94f000 ---p 00000000 00:00 0 
7f9dec94f000-7f9deca4c000 rw-p 00000000 00:00 0 
7f9deca4c000-7f9deca4f000 r--p 00000000 08:05 9438202                    /usr/lib/x86_64-linux-gnu/libgcc_s.so.1
7f9deca4f000-7f9deca61000 r-xp 00003000 08:05 9438202                    /usr/lib/x86_64-linux-gnu/libgcc_s.so.1
7f9deca61000-7f9deca65000 r--p 00015000 08:05 9438202                    /usr/lib/x86_64-linux-gnu/libgcc_s.so.1
7f9deca65000-7f9deca66000 r--p 00018000 08:05 9438202                    /usr/lib/x86_64-linux-gnu/libgcc_s.so.1
7f9deca66000-7f9deca67000 rw-p 00019000 08:05 9438202                    /usr/lib/x86_64-linux-gnu/libgcc_s.so.1
7f9deca67000-7f9deca76000 r--p 00000000 08:05 9443803                    /usr/lib/x86_64-linux-gnu/libm-2.31.so
7f9deca76000-7f9decb1d000 r-xp 0000f000 08:05 9443803                    /usr/lib/x86_64-linux-gnu/libm-2.31.so
7f9decb1d000-7f9decbb4000 r--p 000b6000 08:05 9443803                    /usr/lib/x86_64-linux-gnu/libm-2.31.so
7f9decbb4000-7f9decbb5000 r--p 0014c000 08:05 9443803                    /usr/lib/x86_64-linux-gnu/libm-2.31.so
7f9decbb5000-7f9decbb6000 rw-p 0014d000 08:05 9443803                    /usr/lib/x86_64-linux-gnu/libm-2.31.so
7f9decbb6000-7f9decc4c000 r--p 00000000 08:05 9437653                    /usr/lib/x86_64-linux-gnu/libstdc++.so.6.0.28
7f9decc4c000-7f9decd3d000 r-xp 00096000 08:05 9437653                    /usr/lib/x86_64-linux-gnu/libstdc++.so.6.0.28
7f9decd3d000-7f9decd86000 r--p 00187000 08:05 9437653                    /usr/lib/x86_64-linux-gnu/libstdc++.so.6.0.28
7f9decd86000-7f9decd87000 ---p 001d0000 08:05 9437653                    /usr/lib/x86_64-linux-gnu/libstdc++.so.6.0.28
7f9decd87000-7f9decd92000 r--p 001d0000 08:05 9437653                    /usr/lib/x86_64-linux-gnu/libstdc++.so.6.0.28
7f9decd92000-7f9decd95000 rw-p 001db000 08:05 9437653                    /usr/lib/x86_64-linux-gnu/libstdc++.so.6.0.28
7f9decd95000-7f9decd98000 rw-p 00000000 00:00 0 
7f9decd98000-7f9ded012000 r--p 00000000 08:05 1576462                    /usr/lib/jvm/java-11-openjdk-amd64/lib/server/libjvm.so
7f9ded012000-7f9dedc97000 r-xp 0027a000 08:05 1576462                    /usr/lib/jvm/java-11-openjdk-amd64/lib/server/libjvm.so
7f9dedc97000-7f9dedeee000 r--p 00eff000 08:05 1576462                    /usr/lib/jvm/java-11-openjdk-amd64/lib/server/libjvm.so
7f9dedeee000-7f9dedfaf000 r--p 01155000 08:05 1576462                    /usr/lib/jvm/java-11-openjdk-amd64/lib/server/libjvm.so
7f9dedfaf000-7f9dedfea000 rw-p 01216000 08:05 1576462                    /usr/lib/jvm/java-11-openjdk-amd64/lib/server/libjvm.so
7f9dedfea000-7f9dee043000 rw-p 00000000 00:00 0 
7f9dee043000-7f9dee04a000 r--p 00000000 08:05 9444068                    /usr/lib/x86_64-linux-gnu/libpthread-2.31.so
7f9dee04a000-7f9dee05b000 r-xp 00007000 08:05 9444068                    /usr/lib/x86_64-linux-gnu/libpthread-2.31.so
7f9dee05b000-7f9dee060000 r--p 00018000 08:05 9444068                    /usr/lib/x86_64-linux-gnu/libpthread-2.31.so
7f9dee060000-7f9dee061000 r--p 0001c000 08:05 9444068                    /usr/lib/x86_64-linux-gnu/libpthread-2.31.so
7f9dee061000-7f9dee062000 rw-p 0001d000 08:05 9444068                    /usr/lib/x86_64-linux-gnu/libpthread-2.31.so
7f9dee062000-7f9dee066000 rw-p 00000000 00:00 0 
7f9dee066000-7f9dee067000 r--p 00000000 08:05 9443296                    /usr/lib/x86_64-linux-gnu/libdl-2.31.so
7f9dee067000-7f9dee069000 r-xp 00001000 08:05 9443296                    /usr/lib/x86_64-linux-gnu/libdl-2.31.so
7f9dee069000-7f9dee06a000 r--p 00003000 08:05 9443296                    /usr/lib/x86_64-linux-gnu/libdl-2.31.so
7f9dee06a000-7f9dee06b000 r--p 00003000 08:05 9443296                    /usr/lib/x86_64-linux-gnu/libdl-2.31.so
7f9dee06b000-7f9dee06c000 rw-p 00004000 08:05 9443296                    /usr/lib/x86_64-linux-gnu/libdl-2.31.so
7f9dee06c000-7f9dee06e000 r--p 00000000 08:05 9444493                    /usr/lib/x86_64-linux-gnu/libz.so.1.2.11
7f9dee06e000-7f9dee07f000 r-xp 00002000 08:05 9444493                    /usr/lib/x86_64-linux-gnu/libz.so.1.2.11
7f9dee07f000-7f9dee085000 r--p 00013000 08:05 9444493                    /usr/lib/x86_64-linux-gnu/libz.so.1.2.11
7f9dee085000-7f9dee086000 ---p 00019000 08:05 9444493                    /usr/lib/x86_64-linux-gnu/libz.so.1.2.11
7f9dee086000-7f9dee087000 r--p 00019000 08:05 9444493                    /usr/lib/x86_64-linux-gnu/libz.so.1.2.11
7f9dee087000-7f9dee088000 rw-p 0001a000 08:05 9444493                    /usr/lib/x86_64-linux-gnu/libz.so.1.2.11
7f9dee088000-7f9dee0ad000 r--p 00000000 08:05 9443161                    /usr/lib/x86_64-linux-gnu/libc-2.31.so
7f9dee0ad000-7f9dee225000 r-xp 00025000 08:05 9443161                    /usr/lib/x86_64-linux-gnu/libc-2.31.so
7f9dee225000-7f9dee26f000 r--p 0019d000 08:05 9443161                    /usr/lib/x86_64-linux-gnu/libc-2.31.so
7f9dee26f000-7f9dee270000 ---p 001e7000 08:05 9443161                    /usr/lib/x86_64-linux-gnu/libc-2.31.so
7f9dee270000-7f9dee273000 r--p 001e7000 08:05 9443161                    /usr/lib/x86_64-linux-gnu/libc-2.31.so
7f9dee273000-7f9dee276000 rw-p 001ea000 08:05 9443161                    /usr/lib/x86_64-linux-gnu/libc-2.31.so
7f9dee276000-7f9dee27a000 rw-p 00000000 00:00 0 
7f9dee27b000-7f9dee280000 r--p 00000000 08:05 1575239                    /usr/lib/jvm/java-11-openjdk-amd64/lib/libverify.so
7f9dee280000-7f9dee287000 r-xp 00005000 08:05 1575239                    /usr/lib/jvm/java-11-openjdk-amd64/lib/libverify.so
7f9dee287000-7f9dee289000 r--p 0000c000 08:05 1575239                    /usr/lib/jvm/java-11-openjdk-amd64/lib/libverify.so
7f9dee289000-7f9dee28a000 ---p 0000e000 08:05 1575239                    /usr/lib/jvm/java-11-openjdk-amd64/lib/libverify.so
7f9dee28a000-7f9dee28c000 r--p 0000e000 08:05 1575239                    /usr/lib/jvm/java-11-openjdk-amd64/lib/libverify.so
7f9dee28c000-7f9dee28d000 rw-p 00010000 08:05 1575239                    /usr/lib/jvm/java-11-openjdk-amd64/lib/libverify.so
7f9dee28d000-7f9dee290000 r--p 00000000 08:05 1573346                    /usr/lib/jvm/java-11-openjdk-amd64/lib/jli/libjli.so
7f9dee290000-7f9dee29a000 r-xp 00003000 08:05 1573346                    /usr/lib/jvm/java-11-openjdk-amd64/lib/jli/libjli.so
7f9dee29a000-7f9dee29d000 r--p 0000d000 08:05 1573346                    /usr/lib/jvm/java-11-openjdk-amd64/lib/jli/libjli.so
7f9dee29d000-7f9dee29e000 ---p 00010000 08:05 1573346                    /usr/lib/jvm/java-11-openjdk-amd64/lib/jli/libjli.so
7f9dee29e000-7f9dee29f000 r--p 00010000 08:05 1573346                    /usr/lib/jvm/java-11-openjdk-amd64/lib/jli/libjli.so
7f9dee29f000-7f9dee2a0000 rw-p 00011000 08:05 1573346                    /usr/lib/jvm/java-11-openjdk-amd64/lib/jli/libjli.so
7f9dee2a0000-7f9dee2a2000 rw-p 00000000 00:00 0 
7f9dee2a2000-7f9dee2a3000 r--p 00000000 08:05 9442945                    /usr/lib/x86_64-linux-gnu/ld-2.31.so
7f9dee2a3000-7f9dee2c6000 r-xp 00001000 08:05 9442945                    /usr/lib/x86_64-linux-gnu/ld-2.31.so
7f9dee2c6000-7f9dee2ce000 r--p 00024000 08:05 9442945                    /usr/lib/x86_64-linux-gnu/ld-2.31.so
7f9dee2cf000-7f9dee2d0000 r--p 0002c000 08:05 9442945                    /usr/lib/x86_64-linux-gnu/ld-2.31.so
7f9dee2d0000-7f9dee2d1000 rw-p 0002d000 08:05 9442945                    /usr/lib/x86_64-linux-gnu/ld-2.31.so
7f9dee2d1000-7f9dee2d2000 rw-p 00000000 00:00 0 
7fff5c04e000-7fff5c070000 rw-p 00000000 00:00 0                          [stack]
7fff5c14a000-7fff5c14e000 r--p 00000000 00:00 0                          [vvar]
7fff5c14e000-7fff5c150000 r-xp 00000000 00:00 0                          [vdso]
ffffffffff600000-ffffffffff601000 --xp 00000000 00:00 0                  [vsyscall]


VM Arguments:
jvm_args: -agentlib:jdwp=transport=dt_socket,suspend=y,address=localhost:40477 -javaagent:/home/rodrigo/.eclipse/360744286_linux_gtk_x86_64/configuration/org.eclipse.osgi/222/0/.cp/lib/javaagent-shaded.jar -Dfile.encoding=UTF-8 
java_command: controlador.Principal
java_class_path (initial): /home/rodrigo/Documentos/GitHub/OSR/OpenSafeRoute/target/classes:/home/rodrigo/.m2/repository/de/grundid/opendatalab/geojson-jackson/1.14/geojson-jackson-1.14.jar:/home/rodrigo/.m2/repository/com/fasterxml/jackson/core/jackson-core/2.10.0/jackson-core-2.10.0.jar:/home/rodrigo/.m2/repository/com/fasterxml/jackson/core/jackson-databind/2.10.0/jackson-databind-2.10.0.jar:/home/rodrigo/.m2/repository/com/fasterxml/jackson/core/jackson-annotations/2.10.0/jackson-annotations-2.10.0.jar:/home/rodrigo/.m2/repository/org/hibernate/hibernate-core/5.4.24.Final/hibernate-core-5.4.24.Final.jar:/home/rodrigo/.m2/repository/org/jboss/logging/jboss-logging/3.4.1.Final/jboss-logging-3.4.1.Final.jar:/home/rodrigo/.m2/repository/javax/persistence/javax.persistence-api/2.2/javax.persistence-api-2.2.jar:/home/rodrigo/.m2/repository/org/javassist/javassist/3.27.0-GA/javassist-3.27.0-GA.jar:/home/rodrigo/.m2/repository/net/bytebuddy/byte-buddy/1.10.17/byte-buddy-1.10.17.jar:/home/rodrigo/.m2/repository/antlr/antlr/2.7.7/antlr-2.7.7.jar:/home/rodrigo/.m2/repository/org/jboss/spec/javax/transaction/jboss-transaction-api_1.2_spec/1.1.1.Final/jboss-transaction-api_1.2_spec-1.1.1.Final.jar:/home/rodrigo/.m2/repository/org/jboss/jandex/2.1.3.Final/jandex-2.1.3.Final.jar:/home/rodrigo/.m2/repository/com/fasterxml/classmate/1.5.1/classmate-1.5.1.jar:/home/rodrigo/.m2/repository/javax/activation/javax.activation-api/1.2.0/javax.activation-api-1.2.0.jar:/home/rodrigo/.m2/repository/org/dom4j/dom4j/2.1.3/dom4j-2.1.3.jar:/home/rodrigo/.m2/repository/org/hibernate/common/hibernate-commons-annotations/5.1.2.Final/hibernate-commons-annotations-5.1.2.Final.jar:/home/rodrigo/.m2/repository/org/hibernate/hibernate-spatial/5.2.12.Final/hibernate-spatial-5.2.12.Final.jar:/home/rodrigo/.m2/repository/org/postgresql/postgresql/42.1.4/postgresql-42.1.4.jar:/home/rodrigo/.m2/repository/org/geolatte/geolatte-geom/1.2.0/geolatte-geom-1.2.0.jar:/home/rodrigo/.m2/repository/com/vividsolu
Launcher Type: SUN_STANDARD

[Global flags]
     intx CICompilerCount                          = 2                                         {product} {ergonomic}
     uint ConcGCThreads                            = 1                                         {product} {ergonomic}
     uint G1ConcRefinementThreads                  = 2                                         {product} {ergonomic}
   size_t G1HeapRegionSize                         = 1048576                                   {product} {ergonomic}
    uintx GCDrainStackTargetSize                   = 64                                        {product} {ergonomic}
   size_t InitialHeapSize                          = 65011712                                  {product} {ergonomic}
   size_t MarkStackSize                            = 4194304                                   {product} {ergonomic}
   size_t MaxHeapSize                              = 1029701632                                {product} {ergonomic}
   size_t MaxNewSize                               = 617611264                                 {product} {ergonomic}
   size_t MinHeapDeltaBytes                        = 1048576                                   {product} {ergonomic}
    uintx NonNMethodCodeHeapSize                   = 5825164                                {pd product} {ergonomic}
    uintx NonProfiledCodeHeapSize                  = 122916538                              {pd product} {ergonomic}
    uintx ProfiledCodeHeapSize                     = 122916538                              {pd product} {ergonomic}
    uintx ReservedCodeCacheSize                    = 251658240                              {pd product} {ergonomic}
     bool SegmentedCodeCache                       = true                                      {product} {ergonomic}
     bool UseCompressedClassPointers               = true                                 {lp64_product} {ergonomic}
     bool UseCompressedOops                        = true                                 {lp64_product} {ergonomic}
     bool UseG1GC                                  = true                                      {product} {ergonomic}

Logging:
Log output configuration:
 #0: stdout all=warning uptime,level,tags
 #1: stderr all=off uptime,level,tags

Environment Variables:
PATH=/usr/local/sbin:/usr/local/bin:/usr/sbin:/usr/bin:/sbin:/bin:/usr/games:/usr/local/games:/snap/bin
USERNAME=rodrigo
SHELL=/bin/bash
DISPLAY=:0
LANG=pt_BR.UTF-8

Signal Handlers:
SIGSEGV: [libjvm.so+0xe8ba00], sa_mask[0]=11111111011111111101111111111110, sa_flags=SA_RESTART|SA_SIGINFO
SIGBUS: [libjvm.so+0xe8ba00], sa_mask[0]=11111111011111111101111111111110, sa_flags=SA_RESTART|SA_SIGINFO
SIGFPE: [libjvm.so+0xe8ba00], sa_mask[0]=11111111011111111101111111111110, sa_flags=SA_RESTART|SA_SIGINFO
SIGPIPE: [libjvm.so+0xbd10f0], sa_mask[0]=11111111011111111101111111111110, sa_flags=SA_RESTART|SA_SIGINFO
SIGXFSZ: [libjvm.so+0xbd10f0], sa_mask[0]=11111111011111111101111111111110, sa_flags=SA_RESTART|SA_SIGINFO
SIGILL: [libjvm.so+0xe8ba00], sa_mask[0]=11111111011111111101111111111110, sa_flags=SA_RESTART|SA_SIGINFO
SIGUSR2: [libjvm.so+0xbd0f90], sa_mask[0]=00100000000000000000000000000000, sa_flags=SA_RESTART|SA_SIGINFO
SIGHUP: [libjvm.so+0xbd1430], sa_mask[0]=11111111011111111101111111111110, sa_flags=SA_RESTART|SA_SIGINFO
SIGINT: [libjvm.so+0xbd1430], sa_mask[0]=11111111011111111101111111111110, sa_flags=SA_RESTART|SA_SIGINFO
SIGTERM: [libjvm.so+0xbd1430], sa_mask[0]=11111111011111111101111111111110, sa_flags=SA_RESTART|SA_SIGINFO
SIGQUIT: [libjvm.so+0xbd1430], sa_mask[0]=11111111011111111101111111111110, sa_flags=SA_RESTART|SA_SIGINFO


---------------  S Y S T E M  ---------------

OS:DISTRIB_ID=Ubuntu
DISTRIB_RELEASE=20.04
DISTRIB_CODENAME=focal
DISTRIB_DESCRIPTION="Ubuntu 20.04.3 LTS"
uname:Linux 5.11.0-27-generic #29~20.04.1-Ubuntu SMP Wed Aug 11 15:58:17 UTC 2021 x86_64
OS uptime: 0 days 0:58 hours
libc:glibc 2.31 NPTL 2.31 
rlimit (soft/hard): STACK 8192k/infinity , CORE 0k/infinity , NPROC 15460/15460 , NOFILE 1048576/1048576 , AS infinity/infinity , CPU infinity/infinity , DATA infinity/infinity , FSIZE infinity/infinity , MEMLOCK 65536k/65536k
load average:1,10 0,76 0,59

/proc/meminfo:
MemTotal:        4017024 kB
MemFree:          127564 kB
MemAvailable:     945896 kB
Buffers:           69136 kB
Cached:          1102448 kB
SwapCached:         3268 kB
Active:           614832 kB
Inactive:        3035192 kB
Active(anon):     103684 kB
Inactive(anon):  2555908 kB
Active(file):     511148 kB
Inactive(file):   479284 kB
Unevictable:       21628 kB
Mlocked:              64 kB
SwapTotal:       2097148 kB
SwapFree:        2036628 kB
Dirty:               256 kB
Writeback:             0 kB
AnonPages:       2496948 kB
Mapped:           614256 kB
Shmem:            184248 kB
KReclaimable:      63788 kB
Slab:             133908 kB
SReclaimable:      63788 kB
SUnreclaim:        70120 kB
KernelStack:       11808 kB
PageTables:        31748 kB
NFS_Unstable:          0 kB
Bounce:                0 kB
WritebackTmp:          0 kB
CommitLimit:     4105660 kB
Committed_AS:    8433016 kB
VmallocTotal:   34359738367 kB
VmallocUsed:       26104 kB
VmallocChunk:          0 kB
Percpu:             3488 kB
HardwareCorrupted:     0 kB
AnonHugePages:         0 kB
ShmemHugePages:        0 kB
ShmemPmdMapped:        0 kB
FileHugePages:         0 kB
FilePmdMapped:         0 kB
HugePages_Total:       0
HugePages_Free:        0
HugePages_Rsvd:        0
HugePages_Surp:        0
Hugepagesize:       2048 kB
Hugetlb:               0 kB
DirectMap4k:      212544 kB
DirectMap2M:     3971072 kB

/sys/kernel/mm/transparent_hugepage/enabled:
always [madvise] never
/sys/kernel/mm/transparent_hugepage/defrag (defrag/compaction efforts parameter):
always defer defer+madvise [madvise] never

Process Memory:
Virtual Size: 3456244K (peak: 12394724K)
Resident Set Size: 177236K (peak: 178368K) (anon: 147316K, file: 29920K, shmem: 0K)
Swapped out: 0K
C-Heap outstanding allocations: 34354K

/proc/sys/kernel/threads-max (system-wide limit on the number of threads):
30920
/proc/sys/vm/max_map_count (maximum number of memory map areas a process may have):
65530
/proc/sys/kernel/pid_max (system-wide limit on number of process identifiers):
4194304

container (cgroup) information:
container_type: cgroupv1
cpu_cpuset_cpus: 0-1
cpu_memory_nodes: 0
active_processor_count: 2
cpu_quota: -1
cpu_period: 100000
cpu_shares: -1
memory_limit_in_bytes: -1
memory_and_swap_limit_in_bytes: -1
memory_soft_limit_in_bytes: -1
memory_usage_in_bytes: 2819465216
memory_max_usage_in_bytes: 2825166848

Steal ticks since vm start: 0
Steal ticks percentage since vm start:  0,000

CPU:total 2 (initial active 2) (2 cores per cpu, 1 threads per core) family 6 model 23 stepping 10 microcode 0xa0b, cmov, cx8, fxsr, mmx, sse, sse2, sse3, ssse3, sse4.1, tsc
CPU Model and flags from /proc/cpuinfo:
model name	: Intel(R) Core(TM)2 Duo CPU     E7500  @ 2.93GHz
flags		: fpu vme de pse tsc msr pae mce cx8 apic sep mtrr pge mca cmov pat pse36 clflush dts acpi mmx fxsr sse sse2 ht tm pbe syscall nx lm constant_tsc arch_perfmon pebs bts rep_good nopl cpuid aperfmperf pni dtes64 monitor ds_cpl est tm2 ssse3 cx16 xtpr pdcm sse4_1 xsave lahf_lm pti dtherm
Online cpus:
0-1
Offline cpus:
2-3
BIOS frequency limitation:
2933000
Frequency switch latency (ns):
10000
Available cpu frequencies:
2933000 2133000 1600000 
Current governor:
ondemand
Core performance/turbo boost:
<Not Available>

Memory: 4k page, physical 4017024k(127564k free), swap 2097148k(2036628k free)

vm_info: OpenJDK 64-Bit Server VM (11.0.11+9-Ubuntu-0ubuntu2.20.04) for linux-amd64 JRE (11.0.11+9-Ubuntu-0ubuntu2.20.04), built on Apr 21 2021 09:15:32 by "unknown" with gcc 9.3.0

END.
